2025-04-03 13:31:02.987 [info] Extension host with pid 10956 started
2025-04-03 13:31:03.114 [info] ExtensionService#_doActivateExtension vscode.github-authentication, startup: false, activationEvent: 'onAuthenticationRequest:github'
2025-04-03 13:31:03.466 [info] ExtensionService#_doActivateExtension vscode.git-base, startup: true, activationEvent: '*', root cause: vscode.git
2025-04-03 13:31:03.646 [info] ExtensionService#_doActivateExtension vscode.git, startup: true, activationEvent: '*'
2025-04-03 13:31:03.922 [info] ExtensionService#_doActivateExtension vscode.github, startup: true, activationEvent: '*'
2025-04-03 13:31:04.214 [info] Eager extensions activated
2025-04-03 13:31:04.250 [info] ExtensionService#_doActivateExtension vscode.debug-auto-launch, startup: false, activationEvent: 'onStartupFinished'
2025-04-03 13:31:04.258 [info] ExtensionService#_doActivateExtension vscode.merge-conflict, startup: false, activationEvent: 'onStartupFinished'
2025-04-03 13:31:04.295 [info] ExtensionService#_doActivateExtension esbenp.prettier-vscode, startup: false, activationEvent: 'onStartupFinished'
2025-04-03 13:31:04.494 [info] ExtensionService#_doActivateExtension formulahendry.code-runner, startup: false, activationEvent: 'onStartupFinished'
2025-04-03 13:31:04.587 [info] ExtensionService#_doActivateExtension ritwickdey.LiveServer, startup: false, activationEvent: 'onStartupFinished'
2025-04-03 13:31:16.914 [info] Extension host terminating: renderer closed the MessagePort
2025-04-03 13:31:16.942 [info] Extension host with pid 10956 exiting with code 0
2025-04-03 13:31:19.851 [info] Extension host with pid 8228 started
2025-04-03 13:31:19.851 [info] Skipping acquiring lock for c:\Users\user\Desktop\Mid-Project-main\PATH_TO_SOME_FOLDER_WHERE_VSCODE_WILL_STORE_TMP_DATA\User\workspaceStorage\72f9fbf0b0944f6d8e8170f07c458d6d.
2025-04-03 13:31:19.941 [info] ExtensionService#_doActivateExtension vscode.github-authentication, startup: false, activationEvent: 'onAuthenticationRequest:github'
2025-04-03 13:31:20.088 [info] ExtensionService#_doActivateExtension vscode.git-base, startup: true, activationEvent: '*'
2025-04-03 13:31:20.099 [info] ExtensionService#_doActivateExtension vscode.github, startup: true, activationEvent: '*'
2025-04-03 13:31:20.234 [info] Eager extensions activated
2025-04-03 13:31:20.246 [info] ExtensionService#_doActivateExtension vscode.debug-auto-launch, startup: false, activationEvent: 'onStartupFinished'
2025-04-03 13:31:20.257 [info] ExtensionService#_doActivateExtension vscode.merge-conflict, startup: false, activationEvent: 'onStartupFinished'
2025-04-03 13:31:20.313 [info] ExtensionService#_doActivateExtension esbenp.prettier-vscode, startup: false, activationEvent: 'onStartupFinished'
2025-04-03 13:31:22.019 [info] ExtensionService#_doActivateExtension vscode.git, startup: false, activationEvent: 'api', root cause: vscode.github
2025-04-03 13:31:22.270 [info] ExtensionService#_doActivateExtension formulahendry.code-runner, startup: false, activationEvent: 'onStartupFinished'
2025-04-03 13:31:22.404 [info] ExtensionService#_doActivateExtension ritwickdey.LiveServer, startup: false, activationEvent: 'onStartupFinished'
2025-04-03 13:32:21.017 [info] Extension host terminating: renderer closed the MessagePort
2025-04-03 13:32:21.032 [info] Extension host with pid 8228 exiting with code 0
