2025-04-03 14:04:06.989 [error] Error: Unable to read file 'c:\Users\user\.vscode\extensions\ms-python.vscode-pylance-2022.11.30\package.json' (Error: Unable to resolve nonexistent file 'c:\Users\user\.vscode\extensions\ms-python.vscode-pylance-2022.11.30\package.json')
    at wh.G (file:///c:/Users/user/AppData/Local/Programs/Microsoft%20VS%20Code/resources/app/out/vs/code/electron-utility/sharedProcess/sharedProcessMain.js:74:86464)
    at wh.F (file:///c:/Users/user/AppData/Local/Programs/Microsoft%20VS%20Code/resources/app/out/vs/code/electron-utility/sharedProcess/sharedProcessMain.js:74:86289)
    at async wh.D (file:///c:/Users/user/AppData/Local/Programs/Microsoft%20VS%20Code/resources/app/out/vs/code/electron-utility/sharedProcess/sharedProcessMain.js:74:85661)
    at async aa.u (file:///c:/Users/user/AppData/Local/Programs/Microsoft%20VS%20Code/resources/app/out/vs/code/electron-utility/sharedProcess/sharedProcessMain.js:74:43638)
    at async aa.scanExtension (file:///c:/Users/user/AppData/Local/Programs/Microsoft%20VS%20Code/resources/app/out/vs/code/electron-utility/sharedProcess/sharedProcessMain.js:74:42188)
    at async Promise.all (index 17)
    at async aa.r (file:///c:/Users/user/AppData/Local/Programs/Microsoft%20VS%20Code/resources/app/out/vs/code/electron-utility/sharedProcess/sharedProcessMain.js:74:40614)
    at async Uu.scanAllUserExtensions (file:///c:/Users/user/AppData/Local/Programs/Microsoft%20VS%20Code/resources/app/out/vs/code/electron-utility/sharedProcess/sharedProcessMain.js:74:33635)
    at async dh.scanAllUserExtensions (file:///c:/Users/user/AppData/Local/Programs/Microsoft%20VS%20Code/resources/app/out/vs/code/electron-utility/sharedProcess/sharedProcessMain.js:74:67236)
    at async x7.H (file:///c:/Users/user/AppData/Local/Programs/Microsoft%20VS%20Code/resources/app/out/vs/code/electron-utility/sharedProcess/sharedProcessMain.js:74:57350)
    at async x7.s (file:///c:/Users/user/AppData/Local/Programs/Microsoft%20VS%20Code/resources/app/out/vs/code/electron-utility/sharedProcess/sharedProcessMain.js:74:55245)
2025-04-03 14:04:06.989 [error] Error: Unable to read file 'c:\Users\user\.vscode\extensions\ms-vscode.cpptools-1.12.4-win32-x64\package.json' (Error: Unable to resolve nonexistent file 'c:\Users\user\.vscode\extensions\ms-vscode.cpptools-1.12.4-win32-x64\package.json')
    at wh.G (file:///c:/Users/user/AppData/Local/Programs/Microsoft%20VS%20Code/resources/app/out/vs/code/electron-utility/sharedProcess/sharedProcessMain.js:74:86464)
    at wh.F (file:///c:/Users/user/AppData/Local/Programs/Microsoft%20VS%20Code/resources/app/out/vs/code/electron-utility/sharedProcess/sharedProcessMain.js:74:86289)
    at async wh.D (file:///c:/Users/user/AppData/Local/Programs/Microsoft%20VS%20Code/resources/app/out/vs/code/electron-utility/sharedProcess/sharedProcessMain.js:74:85661)
    at async aa.u (file:///c:/Users/user/AppData/Local/Programs/Microsoft%20VS%20Code/resources/app/out/vs/code/electron-utility/sharedProcess/sharedProcessMain.js:74:43638)
    at async aa.scanExtension (file:///c:/Users/user/AppData/Local/Programs/Microsoft%20VS%20Code/resources/app/out/vs/code/electron-utility/sharedProcess/sharedProcessMain.js:74:42188)
    at async Promise.all (index 26)
    at async aa.r (file:///c:/Users/user/AppData/Local/Programs/Microsoft%20VS%20Code/resources/app/out/vs/code/electron-utility/sharedProcess/sharedProcessMain.js:74:40614)
    at async Uu.scanAllUserExtensions (file:///c:/Users/user/AppData/Local/Programs/Microsoft%20VS%20Code/resources/app/out/vs/code/electron-utility/sharedProcess/sharedProcessMain.js:74:33635)
    at async dh.scanAllUserExtensions (file:///c:/Users/user/AppData/Local/Programs/Microsoft%20VS%20Code/resources/app/out/vs/code/electron-utility/sharedProcess/sharedProcessMain.js:74:67236)
    at async x7.H (file:///c:/Users/user/AppData/Local/Programs/Microsoft%20VS%20Code/resources/app/out/vs/code/electron-utility/sharedProcess/sharedProcessMain.js:74:57350)
    at async x7.s (file:///c:/Users/user/AppData/Local/Programs/Microsoft%20VS%20Code/resources/app/out/vs/code/electron-utility/sharedProcess/sharedProcessMain.js:74:55245)
2025-04-03 14:04:07.111 [error] Error: Unable to read file 'c:\Users\user\.vscode\extensions\ms-python.vscode-pylance-2022.11.30\package.json' (Error: Unable to resolve nonexistent file 'c:\Users\user\.vscode\extensions\ms-python.vscode-pylance-2022.11.30\package.json')
    at wh.G (file:///c:/Users/user/AppData/Local/Programs/Microsoft%20VS%20Code/resources/app/out/vs/code/electron-utility/sharedProcess/sharedProcessMain.js:74:86464)
    at wh.F (file:///c:/Users/user/AppData/Local/Programs/Microsoft%20VS%20Code/resources/app/out/vs/code/electron-utility/sharedProcess/sharedProcessMain.js:74:86289)
    at async wh.D (file:///c:/Users/user/AppData/Local/Programs/Microsoft%20VS%20Code/resources/app/out/vs/code/electron-utility/sharedProcess/sharedProcessMain.js:74:85661)
    at async aa.u (file:///c:/Users/user/AppData/Local/Programs/Microsoft%20VS%20Code/resources/app/out/vs/code/electron-utility/sharedProcess/sharedProcessMain.js:74:43638)
    at async aa.scanExtension (file:///c:/Users/user/AppData/Local/Programs/Microsoft%20VS%20Code/resources/app/out/vs/code/electron-utility/sharedProcess/sharedProcessMain.js:74:42188)
    at async Promise.all (index 17)
    at async aa.r (file:///c:/Users/user/AppData/Local/Programs/Microsoft%20VS%20Code/resources/app/out/vs/code/electron-utility/sharedProcess/sharedProcessMain.js:74:40614)
    at async Uu.scanAllUserExtensions (file:///c:/Users/user/AppData/Local/Programs/Microsoft%20VS%20Code/resources/app/out/vs/code/electron-utility/sharedProcess/sharedProcessMain.js:74:33635)
    at async dh.scanAllUserExtensions (file:///c:/Users/user/AppData/Local/Programs/Microsoft%20VS%20Code/resources/app/out/vs/code/electron-utility/sharedProcess/sharedProcessMain.js:74:67236)
    at async dh.J (file:///c:/Users/user/AppData/Local/Programs/Microsoft%20VS%20Code/resources/app/out/vs/code/electron-utility/sharedProcess/sharedProcessMain.js:74:73513)
    at async dh.cleanUp (file:///c:/Users/user/AppData/Local/Programs/Microsoft%20VS%20Code/resources/app/out/vs/code/electron-utility/sharedProcess/sharedProcessMain.js:74:66665)
    at async fh.cleanUp (file:///c:/Users/user/AppData/Local/Programs/Microsoft%20VS%20Code/resources/app/out/vs/code/electron-utility/sharedProcess/sharedProcessMain.js:74:61169)
2025-04-03 14:04:07.112 [error] Error: Unable to read file 'c:\Users\user\.vscode\extensions\ms-vscode.cpptools-1.12.4-win32-x64\package.json' (Error: Unable to resolve nonexistent file 'c:\Users\user\.vscode\extensions\ms-vscode.cpptools-1.12.4-win32-x64\package.json')
    at wh.G (file:///c:/Users/user/AppData/Local/Programs/Microsoft%20VS%20Code/resources/app/out/vs/code/electron-utility/sharedProcess/sharedProcessMain.js:74:86464)
    at wh.F (file:///c:/Users/user/AppData/Local/Programs/Microsoft%20VS%20Code/resources/app/out/vs/code/electron-utility/sharedProcess/sharedProcessMain.js:74:86289)
    at async wh.D (file:///c:/Users/user/AppData/Local/Programs/Microsoft%20VS%20Code/resources/app/out/vs/code/electron-utility/sharedProcess/sharedProcessMain.js:74:85661)
    at async aa.u (file:///c:/Users/user/AppData/Local/Programs/Microsoft%20VS%20Code/resources/app/out/vs/code/electron-utility/sharedProcess/sharedProcessMain.js:74:43638)
    at async aa.scanExtension (file:///c:/Users/user/AppData/Local/Programs/Microsoft%20VS%20Code/resources/app/out/vs/code/electron-utility/sharedProcess/sharedProcessMain.js:74:42188)
    at async Promise.all (index 26)
    at async aa.r (file:///c:/Users/user/AppData/Local/Programs/Microsoft%20VS%20Code/resources/app/out/vs/code/electron-utility/sharedProcess/sharedProcessMain.js:74:40614)
    at async Uu.scanAllUserExtensions (file:///c:/Users/user/AppData/Local/Programs/Microsoft%20VS%20Code/resources/app/out/vs/code/electron-utility/sharedProcess/sharedProcessMain.js:74:33635)
    at async dh.scanAllUserExtensions (file:///c:/Users/user/AppData/Local/Programs/Microsoft%20VS%20Code/resources/app/out/vs/code/electron-utility/sharedProcess/sharedProcessMain.js:74:67236)
    at async dh.J (file:///c:/Users/user/AppData/Local/Programs/Microsoft%20VS%20Code/resources/app/out/vs/code/electron-utility/sharedProcess/sharedProcessMain.js:74:73513)
    at async dh.cleanUp (file:///c:/Users/user/AppData/Local/Programs/Microsoft%20VS%20Code/resources/app/out/vs/code/electron-utility/sharedProcess/sharedProcessMain.js:74:66665)
    at async fh.cleanUp (file:///c:/Users/user/AppData/Local/Programs/Microsoft%20VS%20Code/resources/app/out/vs/code/electron-utility/sharedProcess/sharedProcessMain.js:74:61169)
2025-04-03 14:04:07.651 [error] Error: Unable to read file 'c:\Users\user\.vscode\extensions\ms-python.vscode-pylance-2022.11.30\package.json' (Error: Unable to resolve nonexistent file 'c:\Users\user\.vscode\extensions\ms-python.vscode-pylance-2022.11.30\package.json')
    at wh.G (file:///c:/Users/user/AppData/Local/Programs/Microsoft%20VS%20Code/resources/app/out/vs/code/electron-utility/sharedProcess/sharedProcessMain.js:74:86464)
    at wh.F (file:///c:/Users/user/AppData/Local/Programs/Microsoft%20VS%20Code/resources/app/out/vs/code/electron-utility/sharedProcess/sharedProcessMain.js:74:86289)
    at async wh.D (file:///c:/Users/user/AppData/Local/Programs/Microsoft%20VS%20Code/resources/app/out/vs/code/electron-utility/sharedProcess/sharedProcessMain.js:74:85661)
    at async aa.u (file:///c:/Users/user/AppData/Local/Programs/Microsoft%20VS%20Code/resources/app/out/vs/code/electron-utility/sharedProcess/sharedProcessMain.js:74:43638)
    at async aa.scanExtension (file:///c:/Users/user/AppData/Local/Programs/Microsoft%20VS%20Code/resources/app/out/vs/code/electron-utility/sharedProcess/sharedProcessMain.js:74:42188)
    at async Promise.all (index 17)
    at async aa.r (file:///c:/Users/user/AppData/Local/Programs/Microsoft%20VS%20Code/resources/app/out/vs/code/electron-utility/sharedProcess/sharedProcessMain.js:74:40614)
    at async Uu.scanAllUserExtensions (file:///c:/Users/user/AppData/Local/Programs/Microsoft%20VS%20Code/resources/app/out/vs/code/electron-utility/sharedProcess/sharedProcessMain.js:74:33635)
    at async dh.I (file:///c:/Users/user/AppData/Local/Programs/Microsoft%20VS%20Code/resources/app/out/vs/code/electron-utility/sharedProcess/sharedProcessMain.js:74:73044)
    at async dh.cleanUp (file:///c:/Users/user/AppData/Local/Programs/Microsoft%20VS%20Code/resources/app/out/vs/code/electron-utility/sharedProcess/sharedProcessMain.js:74:66680)
    at async fh.cleanUp (file:///c:/Users/user/AppData/Local/Programs/Microsoft%20VS%20Code/resources/app/out/vs/code/electron-utility/sharedProcess/sharedProcessMain.js:74:61169)
2025-04-03 14:04:07.651 [error] Error: Unable to read file 'c:\Users\user\.vscode\extensions\ms-vscode.cpptools-1.12.4-win32-x64\package.json' (Error: Unable to resolve nonexistent file 'c:\Users\user\.vscode\extensions\ms-vscode.cpptools-1.12.4-win32-x64\package.json')
    at wh.G (file:///c:/Users/user/AppData/Local/Programs/Microsoft%20VS%20Code/resources/app/out/vs/code/electron-utility/sharedProcess/sharedProcessMain.js:74:86464)
    at wh.F (file:///c:/Users/user/AppData/Local/Programs/Microsoft%20VS%20Code/resources/app/out/vs/code/electron-utility/sharedProcess/sharedProcessMain.js:74:86289)
    at async wh.D (file:///c:/Users/user/AppData/Local/Programs/Microsoft%20VS%20Code/resources/app/out/vs/code/electron-utility/sharedProcess/sharedProcessMain.js:74:85661)
    at async aa.u (file:///c:/Users/user/AppData/Local/Programs/Microsoft%20VS%20Code/resources/app/out/vs/code/electron-utility/sharedProcess/sharedProcessMain.js:74:43638)
    at async aa.scanExtension (file:///c:/Users/user/AppData/Local/Programs/Microsoft%20VS%20Code/resources/app/out/vs/code/electron-utility/sharedProcess/sharedProcessMain.js:74:42188)
    at async Promise.all (index 26)
    at async aa.r (file:///c:/Users/user/AppData/Local/Programs/Microsoft%20VS%20Code/resources/app/out/vs/code/electron-utility/sharedProcess/sharedProcessMain.js:74:40614)
    at async Uu.scanAllUserExtensions (file:///c:/Users/user/AppData/Local/Programs/Microsoft%20VS%20Code/resources/app/out/vs/code/electron-utility/sharedProcess/sharedProcessMain.js:74:33635)
    at async dh.I (file:///c:/Users/user/AppData/Local/Programs/Microsoft%20VS%20Code/resources/app/out/vs/code/electron-utility/sharedProcess/sharedProcessMain.js:74:73044)
    at async dh.cleanUp (file:///c:/Users/user/AppData/Local/Programs/Microsoft%20VS%20Code/resources/app/out/vs/code/electron-utility/sharedProcess/sharedProcessMain.js:74:66680)
    at async fh.cleanUp (file:///c:/Users/user/AppData/Local/Programs/Microsoft%20VS%20Code/resources/app/out/vs/code/electron-utility/sharedProcess/sharedProcessMain.js:74:61169)
