2025-04-03 14:03:06.196 [info] [main] Log level: Info
2025-04-03 14:03:06.196 [info] [main] Validating found git in: "C:\Program Files\Git\cmd\git.exe"
2025-04-03 14:03:06.334 [info] [main] Using git "2.47.1.windows.1" from "C:\Program Files\Git\cmd\git.exe"
2025-04-03 14:03:06.334 [info] [Model][doInitialScan] Initial repository scan started
2025-04-03 14:03:06.730 [info] > git rev-parse --show-toplevel [368ms]
2025-04-03 14:03:06.730 [info] fatal: not a git repository (or any of the parent directories): .git
2025-04-03 14:03:06.858 [info] > git rev-parse --show-toplevel [63ms]
2025-04-03 14:03:06.858 [info] fatal: not a git repository (or any of the parent directories): .git
2025-04-03 14:03:06.905 [info] > git rev-parse --show-toplevel [43ms]
2025-04-03 14:03:06.906 [info] fatal: not a git repository (or any of the parent directories): .git
2025-04-03 14:03:06.950 [info] > git rev-parse --show-toplevel [41ms]
2025-04-03 14:03:06.950 [info] fatal: not a git repository (or any of the parent directories): .git
2025-04-03 14:03:06.952 [info] [Model][doInitialScan] Initial repository scan completed - repositories (0), closed repositories (0), parent repositories (0), unsafe repositories (0)
2025-04-03 14:03:08.007 [info] > git rev-parse --show-toplevel [47ms]
2025-04-03 14:03:08.007 [info] fatal: not a git repository (or any of the parent directories): .git
2025-04-03 14:03:08.072 [info] > git rev-parse --show-toplevel [61ms]
2025-04-03 14:03:08.072 [info] fatal: not a git repository (or any of the parent directories): .git
2025-04-03 14:03:08.105 [info] > git rev-parse --show-toplevel [30ms]
2025-04-03 14:03:08.105 [info] fatal: not a git repository (or any of the parent directories): .git
2025-04-03 14:03:08.138 [info] > git rev-parse --show-toplevel [30ms]
2025-04-03 14:03:08.138 [info] fatal: not a git repository (or any of the parent directories): .git
