2025-04-03 13:12:17.051 [info] [main] Log level: Info
2025-04-03 13:12:17.051 [info] [main] Validating found git in: "C:\Program Files\Git\cmd\git.exe"
2025-04-03 13:12:17.091 [info] [main] Using git "2.47.1.windows.1" from "C:\Program Files\Git\cmd\git.exe"
2025-04-03 13:12:17.091 [info] [Model][doInitialScan] Initial repository scan started
2025-04-03 13:12:17.097 [info] [Model][doInitialScan] Initial repository scan completed - repositories (0), closed repositories (0), parent repositories (0), unsafe repositories (0)
2025-04-03 13:12:36.639 [info] [main] Log level: Info
2025-04-03 13:12:36.639 [info] [main] Validating found git in: "C:\Program Files\Git\cmd\git.exe"
2025-04-03 13:12:36.639 [info] [main] Using git "2.47.1.windows.1" from "C:\Program Files\Git\cmd\git.exe"
2025-04-03 13:12:36.645 [info] [Model][doInitialScan] Initial repository scan started
2025-04-03 13:12:36.720 [info] > git rev-parse --show-toplevel [86ms]
2025-04-03 13:12:36.720 [info] fatal: not a git repository (or any of the parent directories): .git
2025-04-03 13:12:36.820 [info] > git rev-parse --show-toplevel [94ms]
2025-04-03 13:12:36.820 [info] fatal: not a git repository (or any of the parent directories): .git
2025-04-03 13:12:36.826 [info] [Model][doInitialScan] Initial repository scan completed - repositories (0), closed repositories (0), parent repositories (0), unsafe repositories (0)
2025-04-03 13:12:40.567 [info] > git rev-parse --show-toplevel [74ms]
2025-04-03 13:12:40.567 [info] fatal: not a git repository (or any of the parent directories): .git
2025-04-03 13:12:42.271 [info] > git rev-parse --show-toplevel [119ms]
2025-04-03 13:12:42.271 [info] fatal: not a git repository (or any of the parent directories): .git
2025-04-03 13:12:51.634 [info] > git rev-parse --show-toplevel [202ms]
2025-04-03 13:12:51.634 [info] fatal: not a git repository (or any of the parent directories): .git
