2025-04-03 21:44:56.015 [info] Extension host with pid 3832 started
2025-04-03 21:44:56.015 [info] Skipping acquiring lock for c:\Users\user\Desktop\User Authentication & Profile API Stack\PATH_TO_SOME_FOLDER_WHERE_VSCODE_WILL_STORE_TMP_DATA\User\workspaceStorage\01233e4f4a85554e46020b7d1c450aae.
2025-04-03 21:44:56.298 [info] ExtensionService#_doActivateExtension vscode.github-authentication, startup: false, activationEvent: 'onAuthenticationRequest:github'
2025-04-03 21:44:56.386 [info] ExtensionService#_doActivateExtension vscode.emmet, startup: false, activationEvent: 'onLanguage'
2025-04-03 21:44:56.442 [info] ExtensionService#_doActivateExtension vscode.typescript-language-features, startup: false, activationEvent: 'onLanguage:javascript'
2025-04-03 21:44:57.409 [info] ExtensionService#_doActivateExtension vscode.git-base, startup: true, activationEvent: '*', root cause: vscode.git
2025-04-03 21:44:57.553 [info] ExtensionService#_doActivateExtension vscode.git, startup: true, activationEvent: '*'
2025-04-03 21:44:57.923 [info] ExtensionService#_doActivateExtension vscode.github, startup: true, activationEvent: '*'
2025-04-03 21:44:58.881 [info] Eager extensions activated
2025-04-03 21:44:59.019 [info] ExtensionService#_doActivateExtension vscode.debug-auto-launch, startup: false, activationEvent: 'onStartupFinished'
2025-04-03 21:44:59.058 [info] ExtensionService#_doActivateExtension vscode.merge-conflict, startup: false, activationEvent: 'onStartupFinished'
2025-04-03 21:44:59.206 [info] ExtensionService#_doActivateExtension esbenp.prettier-vscode, startup: false, activationEvent: 'onStartupFinished'
2025-04-03 21:45:00.012 [info] ExtensionService#_doActivateExtension formulahendry.code-runner, startup: false, activationEvent: 'onStartupFinished'
2025-04-03 21:45:00.384 [info] ExtensionService#_doActivateExtension ritwickdey.LiveServer, startup: false, activationEvent: 'onStartupFinished'
2025-04-03 21:50:04.456 [info] ExtensionService#_doActivateExtension vscode.npm, startup: false, activationEvent: 'onTerminalQuickFixRequest:ms-vscode.npm-command'
2025-04-03 21:50:09.834 [info] ExtensionService#_doActivateExtension vscode.configuration-editing, startup: false, activationEvent: 'onLanguage:json'
2025-04-03 21:50:09.892 [info] ExtensionService#_doActivateExtension vscode.extension-editing, startup: false, activationEvent: 'onLanguage:json'
2025-04-03 21:50:09.926 [info] ExtensionService#_doActivateExtension vscode.json-language-features, startup: false, activationEvent: 'onLanguage:json'
2025-04-03 22:02:19.416 [info] Extension host terminating: renderer closed the MessagePort
2025-04-03 22:02:19.596 [info] Extension host with pid 3832 exiting with code 0
