2025-04-03 13:30:54.087 [info] Extension host with pid 19260 started
2025-04-03 13:30:54.128 [info] ExtensionService#_doActivateExtension vscode.github-authentication, startup: false, activationEvent: 'onAuthenticationRequest:github'
2025-04-03 13:30:54.377 [info] ExtensionService#_doActivateExtension vscode.git-base, startup: true, activationEvent: '*', root cause: vscode.git
2025-04-03 13:30:54.400 [info] ExtensionService#_doActivateExtension vscode.git, startup: true, activationEvent: '*'
2025-04-03 13:30:54.588 [info] ExtensionService#_doActivateExtension vscode.github, startup: true, activationEvent: '*'
2025-04-03 13:30:54.801 [info] Eager extensions activated
2025-04-03 13:30:54.805 [info] Extension host terminating: renderer closed the MessagePort
2025-04-03 13:30:54.956 [error] Canceled: Canceled
	at zc (file:///c:/Users/user/AppData/Local/Programs/Microsoft%20VS%20Code/resources/app/out/vs/workbench/api/node/extensionHostProcess.js:7:1218)
	at file:///c:/Users/user/AppData/Local/Programs/Microsoft%20VS%20Code/resources/app/out/vs/workbench/api/node/extensionHostProcess.js:29:113122
	at Array.forEach (<anonymous>)
	at qy.dispose (file:///c:/Users/user/AppData/Local/Programs/Microsoft%20VS%20Code/resources/app/out/vs/workbench/api/node/extensionHostProcess.js:29:113062)
	at zz.terminate (file:///c:/Users/user/AppData/Local/Programs/Microsoft%20VS%20Code/resources/app/out/vs/workbench/api/node/extensionHostProcess.js:116:10084)
	at OI.terminate (file:///c:/Users/user/AppData/Local/Programs/Microsoft%20VS%20Code/resources/app/out/vs/workbench/api/node/extensionHostProcess.js:117:1434)
	at ts (file:///c:/Users/user/AppData/Local/Programs/Microsoft%20VS%20Code/resources/app/out/vs/workbench/api/node/extensionHostProcess.js:190:15108)
	at MessagePortMain.<anonymous> (file:///c:/Users/user/AppData/Local/Programs/Microsoft%20VS%20Code/resources/app/out/vs/workbench/api/node/extensionHostProcess.js:190:11656)
	at MessagePortMain.emit (node:events:518:28)
	at MessagePortMain._internalPort.emit (node:electron/js2c/utility_init:2:2949) setContext undefined
2025-04-03 13:30:54.957 [error] Canceled: Canceled
	at zc (file:///c:/Users/user/AppData/Local/Programs/Microsoft%20VS%20Code/resources/app/out/vs/workbench/api/node/extensionHostProcess.js:7:1218)
	at file:///c:/Users/user/AppData/Local/Programs/Microsoft%20VS%20Code/resources/app/out/vs/workbench/api/node/extensionHostProcess.js:29:113122
	at Array.forEach (<anonymous>)
	at qy.dispose (file:///c:/Users/user/AppData/Local/Programs/Microsoft%20VS%20Code/resources/app/out/vs/workbench/api/node/extensionHostProcess.js:29:113062)
	at zz.terminate (file:///c:/Users/user/AppData/Local/Programs/Microsoft%20VS%20Code/resources/app/out/vs/workbench/api/node/extensionHostProcess.js:116:10084)
	at OI.terminate (file:///c:/Users/user/AppData/Local/Programs/Microsoft%20VS%20Code/resources/app/out/vs/workbench/api/node/extensionHostProcess.js:117:1434)
	at ts (file:///c:/Users/user/AppData/Local/Programs/Microsoft%20VS%20Code/resources/app/out/vs/workbench/api/node/extensionHostProcess.js:190:15108)
	at MessagePortMain.<anonymous> (file:///c:/Users/user/AppData/Local/Programs/Microsoft%20VS%20Code/resources/app/out/vs/workbench/api/node/extensionHostProcess.js:190:11656)
	at MessagePortMain.emit (node:events:518:28)
	at MessagePortMain._internalPort.emit (node:electron/js2c/utility_init:2:2949) setContext undefined
2025-04-03 13:30:54.957 [error] Canceled: Canceled
	at zc (file:///c:/Users/user/AppData/Local/Programs/Microsoft%20VS%20Code/resources/app/out/vs/workbench/api/node/extensionHostProcess.js:7:1218)
	at file:///c:/Users/user/AppData/Local/Programs/Microsoft%20VS%20Code/resources/app/out/vs/workbench/api/node/extensionHostProcess.js:29:113122
	at Array.forEach (<anonymous>)
	at qy.dispose (file:///c:/Users/user/AppData/Local/Programs/Microsoft%20VS%20Code/resources/app/out/vs/workbench/api/node/extensionHostProcess.js:29:113062)
	at zz.terminate (file:///c:/Users/user/AppData/Local/Programs/Microsoft%20VS%20Code/resources/app/out/vs/workbench/api/node/extensionHostProcess.js:116:10084)
	at OI.terminate (file:///c:/Users/user/AppData/Local/Programs/Microsoft%20VS%20Code/resources/app/out/vs/workbench/api/node/extensionHostProcess.js:117:1434)
	at ts (file:///c:/Users/user/AppData/Local/Programs/Microsoft%20VS%20Code/resources/app/out/vs/workbench/api/node/extensionHostProcess.js:190:15108)
	at MessagePortMain.<anonymous> (file:///c:/Users/user/AppData/Local/Programs/Microsoft%20VS%20Code/resources/app/out/vs/workbench/api/node/extensionHostProcess.js:190:11656)
	at MessagePortMain.emit (node:events:518:28)
	at MessagePortMain._internalPort.emit (node:electron/js2c/utility_init:2:2949) setContext undefined
2025-04-03 13:30:54.958 [error] Canceled: Canceled
	at zc (file:///c:/Users/user/AppData/Local/Programs/Microsoft%20VS%20Code/resources/app/out/vs/workbench/api/node/extensionHostProcess.js:7:1218)
	at file:///c:/Users/user/AppData/Local/Programs/Microsoft%20VS%20Code/resources/app/out/vs/workbench/api/node/extensionHostProcess.js:29:113122
	at Array.forEach (<anonymous>)
	at qy.dispose (file:///c:/Users/user/AppData/Local/Programs/Microsoft%20VS%20Code/resources/app/out/vs/workbench/api/node/extensionHostProcess.js:29:113062)
	at zz.terminate (file:///c:/Users/user/AppData/Local/Programs/Microsoft%20VS%20Code/resources/app/out/vs/workbench/api/node/extensionHostProcess.js:116:10084)
	at OI.terminate (file:///c:/Users/user/AppData/Local/Programs/Microsoft%20VS%20Code/resources/app/out/vs/workbench/api/node/extensionHostProcess.js:117:1434)
	at ts (file:///c:/Users/user/AppData/Local/Programs/Microsoft%20VS%20Code/resources/app/out/vs/workbench/api/node/extensionHostProcess.js:190:15108)
	at MessagePortMain.<anonymous> (file:///c:/Users/user/AppData/Local/Programs/Microsoft%20VS%20Code/resources/app/out/vs/workbench/api/node/extensionHostProcess.js:190:11656)
	at MessagePortMain.emit (node:events:518:28)
	at MessagePortMain._internalPort.emit (node:electron/js2c/utility_init:2:2949) setContext undefined
2025-04-03 13:30:54.958 [error] Canceled: Canceled
	at zc (file:///c:/Users/user/AppData/Local/Programs/Microsoft%20VS%20Code/resources/app/out/vs/workbench/api/node/extensionHostProcess.js:7:1218)
	at file:///c:/Users/user/AppData/Local/Programs/Microsoft%20VS%20Code/resources/app/out/vs/workbench/api/node/extensionHostProcess.js:29:113122
	at Array.forEach (<anonymous>)
	at qy.dispose (file:///c:/Users/user/AppData/Local/Programs/Microsoft%20VS%20Code/resources/app/out/vs/workbench/api/node/extensionHostProcess.js:29:113062)
	at zz.terminate (file:///c:/Users/user/AppData/Local/Programs/Microsoft%20VS%20Code/resources/app/out/vs/workbench/api/node/extensionHostProcess.js:116:10084)
	at OI.terminate (file:///c:/Users/user/AppData/Local/Programs/Microsoft%20VS%20Code/resources/app/out/vs/workbench/api/node/extensionHostProcess.js:117:1434)
	at ts (file:///c:/Users/user/AppData/Local/Programs/Microsoft%20VS%20Code/resources/app/out/vs/workbench/api/node/extensionHostProcess.js:190:15108)
	at MessagePortMain.<anonymous> (file:///c:/Users/user/AppData/Local/Programs/Microsoft%20VS%20Code/resources/app/out/vs/workbench/api/node/extensionHostProcess.js:190:11656)
	at MessagePortMain.emit (node:events:518:28)
	at MessagePortMain._internalPort.emit (node:electron/js2c/utility_init:2:2949) setContext undefined
2025-04-03 13:30:54.958 [error] Canceled: Canceled
	at zc (file:///c:/Users/user/AppData/Local/Programs/Microsoft%20VS%20Code/resources/app/out/vs/workbench/api/node/extensionHostProcess.js:7:1218)
	at file:///c:/Users/user/AppData/Local/Programs/Microsoft%20VS%20Code/resources/app/out/vs/workbench/api/node/extensionHostProcess.js:29:113122
	at Array.forEach (<anonymous>)
	at qy.dispose (file:///c:/Users/user/AppData/Local/Programs/Microsoft%20VS%20Code/resources/app/out/vs/workbench/api/node/extensionHostProcess.js:29:113062)
	at zz.terminate (file:///c:/Users/user/AppData/Local/Programs/Microsoft%20VS%20Code/resources/app/out/vs/workbench/api/node/extensionHostProcess.js:116:10084)
	at OI.terminate (file:///c:/Users/user/AppData/Local/Programs/Microsoft%20VS%20Code/resources/app/out/vs/workbench/api/node/extensionHostProcess.js:117:1434)
	at ts (file:///c:/Users/user/AppData/Local/Programs/Microsoft%20VS%20Code/resources/app/out/vs/workbench/api/node/extensionHostProcess.js:190:15108)
	at MessagePortMain.<anonymous> (file:///c:/Users/user/AppData/Local/Programs/Microsoft%20VS%20Code/resources/app/out/vs/workbench/api/node/extensionHostProcess.js:190:11656)
	at MessagePortMain.emit (node:events:518:28)
	at MessagePortMain._internalPort.emit (node:electron/js2c/utility_init:2:2949) setContext undefined
2025-04-03 13:30:54.959 [error] Canceled: Canceled
	at zc (file:///c:/Users/user/AppData/Local/Programs/Microsoft%20VS%20Code/resources/app/out/vs/workbench/api/node/extensionHostProcess.js:7:1218)
	at file:///c:/Users/user/AppData/Local/Programs/Microsoft%20VS%20Code/resources/app/out/vs/workbench/api/node/extensionHostProcess.js:29:113122
	at Array.forEach (<anonymous>)
	at qy.dispose (file:///c:/Users/user/AppData/Local/Programs/Microsoft%20VS%20Code/resources/app/out/vs/workbench/api/node/extensionHostProcess.js:29:113062)
	at zz.terminate (file:///c:/Users/user/AppData/Local/Programs/Microsoft%20VS%20Code/resources/app/out/vs/workbench/api/node/extensionHostProcess.js:116:10084)
	at OI.terminate (file:///c:/Users/user/AppData/Local/Programs/Microsoft%20VS%20Code/resources/app/out/vs/workbench/api/node/extensionHostProcess.js:117:1434)
	at ts (file:///c:/Users/user/AppData/Local/Programs/Microsoft%20VS%20Code/resources/app/out/vs/workbench/api/node/extensionHostProcess.js:190:15108)
	at MessagePortMain.<anonymous> (file:///c:/Users/user/AppData/Local/Programs/Microsoft%20VS%20Code/resources/app/out/vs/workbench/api/node/extensionHostProcess.js:190:11656)
	at MessagePortMain.emit (node:events:518:28)
	at MessagePortMain._internalPort.emit (node:electron/js2c/utility_init:2:2949) setContext undefined
2025-04-03 13:30:54.959 [error] Canceled: Canceled
	at zc (file:///c:/Users/user/AppData/Local/Programs/Microsoft%20VS%20Code/resources/app/out/vs/workbench/api/node/extensionHostProcess.js:7:1218)
	at file:///c:/Users/user/AppData/Local/Programs/Microsoft%20VS%20Code/resources/app/out/vs/workbench/api/node/extensionHostProcess.js:29:113122
	at Array.forEach (<anonymous>)
	at qy.dispose (file:///c:/Users/user/AppData/Local/Programs/Microsoft%20VS%20Code/resources/app/out/vs/workbench/api/node/extensionHostProcess.js:29:113062)
	at zz.terminate (file:///c:/Users/user/AppData/Local/Programs/Microsoft%20VS%20Code/resources/app/out/vs/workbench/api/node/extensionHostProcess.js:116:10084)
	at OI.terminate (file:///c:/Users/user/AppData/Local/Programs/Microsoft%20VS%20Code/resources/app/out/vs/workbench/api/node/extensionHostProcess.js:117:1434)
	at ts (file:///c:/Users/user/AppData/Local/Programs/Microsoft%20VS%20Code/resources/app/out/vs/workbench/api/node/extensionHostProcess.js:190:15108)
	at MessagePortMain.<anonymous> (file:///c:/Users/user/AppData/Local/Programs/Microsoft%20VS%20Code/resources/app/out/vs/workbench/api/node/extensionHostProcess.js:190:11656)
	at MessagePortMain.emit (node:events:518:28)
	at MessagePortMain._internalPort.emit (node:electron/js2c/utility_init:2:2949) setContext undefined
2025-04-03 13:30:54.962 [error] ProxyResolver#addCertificatesV1 Canceled: Canceled
	at new dR (file:///c:/Users/user/AppData/Local/Programs/Microsoft%20VS%20Code/resources/app/out/vs/workbench/api/node/extensionHostProcess.js:29:111670)
	at qy.U (file:///c:/Users/user/AppData/Local/Programs/Microsoft%20VS%20Code/resources/app/out/vs/workbench/api/node/extensionHostProcess.js:29:116281)
	at s.<computed>.n.charCodeAt.s.<computed> (file:///c:/Users/user/AppData/Local/Programs/Microsoft%20VS%20Code/resources/app/out/vs/workbench/api/node/extensionHostProcess.js:29:113775)
	at cw.loadCertificates (file:///c:/Users/user/AppData/Local/Programs/Microsoft%20VS%20Code/resources/app/out/vs/workbench/api/node/extensionHostProcess.js:109:55027)
	at Object.loadAdditionalCertificates (file:///c:/Users/user/AppData/Local/Programs/Microsoft%20VS%20Code/resources/app/out/vs/workbench/api/node/extensionHostProcess.js:174:18948)
	at c:\Users\user\AppData\Local\Programs\Microsoft VS Code\resources\app\node_modules\@vscode\proxy-agent\out\index.js:723:53
	at Generator.next (<anonymous>)
	at c:\Users\user\AppData\Local\Programs\Microsoft VS Code\resources\app\node_modules\@vscode\proxy-agent\out\index.js:35:71
	at new Promise (<anonymous>)
	at __awaiter (c:\Users\user\AppData\Local\Programs\Microsoft VS Code\resources\app\node_modules\@vscode\proxy-agent\out\index.js:31:12)
	at c:\Users\user\AppData\Local\Programs\Microsoft VS Code\resources\app\node_modules\@vscode\proxy-agent\out\index.js:722:43
	at c:\Users\user\AppData\Local\Programs\Microsoft VS Code\resources\app\node_modules\@vscode\proxy-agent\out\index.js:724:16
	at Generator.next (<anonymous>)
	at c:\Users\user\AppData\Local\Programs\Microsoft VS Code\resources\app\node_modules\@vscode\proxy-agent\out\index.js:35:71
	at new Promise (<anonymous>)
	at __awaiter (c:\Users\user\AppData\Local\Programs\Microsoft VS Code\resources\app\node_modules\@vscode\proxy-agent\out\index.js:31:12)
	at getOrLoadAdditionalCertificates (c:\Users\user\AppData\Local\Programs\Microsoft VS Code\resources\app\node_modules\@vscode\proxy-agent\out\index.js:720:12)
	at addCertificatesToOptionsV1 (c:\Users\user\AppData\Local\Programs\Microsoft VS Code\resources\app\node_modules\@vscode\proxy-agent\out\index.js:699:9)
	at resolveProxyWithRequest (c:\Users\user\AppData\Local\Programs\Microsoft VS Code\resources\app\node_modules\@vscode\proxy-agent\out\index.js:114:9)
	at c:\Users\user\AppData\Local\Programs\Microsoft VS Code\resources\app\node_modules\@vscode\proxy-agent\out\index.js:346:77
	at new Promise (<anonymous>)
	at PacProxyAgent.resolveP [as resolver] (c:\Users\user\AppData\Local\Programs\Microsoft VS Code\resources\app\node_modules\@vscode\proxy-agent\out\index.js:346:54)
	at PacProxyAgent.<anonymous> (c:\Users\user\AppData\Local\Programs\Microsoft VS Code\resources\app\node_modules\@vscode\proxy-agent\out\agent.js:74:37)
	at Generator.next (<anonymous>)
	at c:\Users\user\AppData\Local\Programs\Microsoft VS Code\resources\app\node_modules\@vscode\proxy-agent\out\agent.js:8:71
	at new Promise (<anonymous>)
	at __awaiter (c:\Users\user\AppData\Local\Programs\Microsoft VS Code\resources\app\node_modules\@vscode\proxy-agent\out\agent.js:4:12)
	at PacProxyAgent.connect (c:\Users\user\AppData\Local\Programs\Microsoft VS Code\resources\app\node_modules\@vscode\proxy-agent\out\agent.js:56:16)
	at c:\Users\user\AppData\Local\Programs\Microsoft VS Code\resources\app\node_modules\agent-base\dist\index.js:132:30
2025-04-03 13:30:54.963 [info] Extension host with pid 19260 exiting with code 0
