2025-04-03 13:08:56.405 [info] Reading sessions from keychain...
2025-04-03 13:08:56.405 [info] Getting sessions for all scopes...
2025-04-03 13:08:56.405 [info] Getting sessions for all scopes...
2025-04-03 13:08:56.405 [info] Getting sessions for all scopes...
2025-04-03 13:08:56.405 [info] Got 0 sessions for ...
2025-04-03 13:08:56.405 [info] Got 0 sessions for ...
2025-04-03 13:08:56.405 [info] Got 0 sessions for ...
2025-04-03 13:08:56.448 [info] Getting sessions for all scopes...
2025-04-03 13:08:56.448 [info] Got 0 sessions for ...
2025-04-03 13:08:56.449 [info] Getting sessions for all scopes...
2025-04-03 13:08:56.449 [info] Got 0 sessions for ...
2025-04-03 13:08:56.450 [info] Getting sessions for all scopes...
2025-04-03 13:08:56.450 [info] Got 0 sessions for ...
2025-04-03 13:08:56.450 [info] Getting sessions for all scopes...
2025-04-03 13:08:56.450 [info] Got 0 sessions for ...
2025-04-03 13:08:56.450 [info] Getting sessions for all scopes...
2025-04-03 13:08:56.450 [info] Got 0 sessions for ...
2025-04-03 13:09:58.288 [info] Reading sessions from keychain...
2025-04-03 13:09:58.288 [info] Getting sessions for all scopes...
2025-04-03 13:09:58.288 [info] Getting sessions for all scopes...
2025-04-03 13:09:58.288 [info] Getting sessions for all scopes...
2025-04-03 13:09:58.288 [info] Got 0 sessions for ...
2025-04-03 13:09:58.289 [info] Got 0 sessions for ...
2025-04-03 13:09:58.289 [info] Got 0 sessions for ...
2025-04-03 13:09:58.289 [info] Getting sessions for all scopes...
2025-04-03 13:09:58.289 [info] Got 0 sessions for ...
2025-04-03 13:09:58.289 [info] Getting sessions for all scopes...
2025-04-03 13:09:58.289 [info] Got 0 sessions for ...
2025-04-03 13:09:58.289 [info] Getting sessions for all scopes...
2025-04-03 13:09:58.289 [info] Got 0 sessions for ...
2025-04-03 13:09:58.289 [info] Getting sessions for all scopes...
2025-04-03 13:09:58.289 [info] Got 0 sessions for ...
2025-04-03 13:09:58.289 [info] Getting sessions for all scopes...
2025-04-03 13:09:58.289 [info] Got 0 sessions for ...
2025-04-03 13:09:59.150 [info] Getting sessions for all scopes...
2025-04-03 13:09:59.150 [info] Got 0 sessions for ...
2025-04-03 13:10:02.648 [info] Getting sessions for read:user,repo,user:email,workflow...
2025-04-03 13:10:02.649 [info] Got 0 sessions for read:user,repo,user:email,workflow...
2025-04-03 13:10:17.256 [info] Reading sessions from keychain...
2025-04-03 13:10:17.257 [info] Getting sessions for all scopes...
2025-04-03 13:10:17.257 [info] Getting sessions for all scopes...
2025-04-03 13:10:17.257 [info] Getting sessions for all scopes...
2025-04-03 13:10:17.257 [info] Getting sessions for all scopes...
2025-04-03 13:10:17.257 [info] Getting sessions for all scopes...
2025-04-03 13:10:17.257 [info] Getting sessions for all scopes...
2025-04-03 13:10:17.257 [info] Getting sessions for all scopes...
2025-04-03 13:10:17.257 [info] Got 0 sessions for ...
2025-04-03 13:10:17.257 [info] Got 0 sessions for ...
2025-04-03 13:10:17.257 [info] Got 0 sessions for ...
2025-04-03 13:10:17.257 [info] Got 0 sessions for ...
2025-04-03 13:10:17.257 [info] Got 0 sessions for ...
2025-04-03 13:10:17.257 [info] Got 0 sessions for ...
2025-04-03 13:10:17.257 [info] Got 0 sessions for ...
2025-04-03 13:10:17.647 [info] Getting sessions for all scopes...
2025-04-03 13:10:17.647 [info] Got 0 sessions for ...
