2025-04-03 14:04:07.929 [info] Extension host with pid 22392 started
2025-04-03 14:04:07.929 [info] Skipping acquiring lock for c:\Users\user\Desktop\Mid-Project-main\mid project\PATH_TO_SOME_FOLDER_WHERE_VSCODE_WILL_STORE_TMP_DATA\User\workspaceStorage\72f9fbf0b0944f6d8e8170f07c458d6d.
2025-04-03 14:04:08.016 [info] ExtensionService#_doActivateExtension vscode.github-authentication, startup: false, activationEvent: 'onAuthenticationRequest:github'
2025-04-03 14:04:08.180 [info] ExtensionService#_doActivateExtension vscode.git-base, startup: true, activationEvent: '*', root cause: vscode.git
2025-04-03 14:04:08.204 [info] ExtensionService#_doActivateExtension vscode.git, startup: true, activationEvent: '*'
2025-04-03 14:04:08.346 [info] ExtensionService#_doActivateExtension vscode.github, startup: true, activationEvent: '*'
2025-04-03 14:04:08.503 [info] Eager extensions activated
2025-04-03 14:04:08.511 [info] ExtensionService#_doActivateExtension vscode.debug-auto-launch, startup: false, activationEvent: 'onStartupFinished'
2025-04-03 14:04:08.517 [info] ExtensionService#_doActivateExtension vscode.merge-conflict, startup: false, activationEvent: 'onStartupFinished'
2025-04-03 14:04:08.544 [info] ExtensionService#_doActivateExtension esbenp.prettier-vscode, startup: false, activationEvent: 'onStartupFinished'
2025-04-03 14:04:08.633 [info] ExtensionService#_doActivateExtension formulahendry.code-runner, startup: false, activationEvent: 'onStartupFinished'
2025-04-03 14:04:08.687 [info] ExtensionService#_doActivateExtension ritwickdey.LiveServer, startup: false, activationEvent: 'onStartupFinished'
2025-04-03 14:04:09.170 [info] Extension host terminating: renderer closed the MessagePort
2025-04-03 14:04:09.227 [error] ProxyResolver#addCertificatesV1 Canceled: Canceled
	at new dR (file:///c:/Users/user/AppData/Local/Programs/Microsoft%20VS%20Code/resources/app/out/vs/workbench/api/node/extensionHostProcess.js:29:111670)
	at qy.U (file:///c:/Users/user/AppData/Local/Programs/Microsoft%20VS%20Code/resources/app/out/vs/workbench/api/node/extensionHostProcess.js:29:116281)
	at s.<computed>.n.charCodeAt.s.<computed> (file:///c:/Users/user/AppData/Local/Programs/Microsoft%20VS%20Code/resources/app/out/vs/workbench/api/node/extensionHostProcess.js:29:113775)
	at cw.loadCertificates (file:///c:/Users/user/AppData/Local/Programs/Microsoft%20VS%20Code/resources/app/out/vs/workbench/api/node/extensionHostProcess.js:109:55027)
	at Object.loadAdditionalCertificates (file:///c:/Users/user/AppData/Local/Programs/Microsoft%20VS%20Code/resources/app/out/vs/workbench/api/node/extensionHostProcess.js:174:18948)
	at c:\Users\user\AppData\Local\Programs\Microsoft VS Code\resources\app\node_modules\@vscode\proxy-agent\out\index.js:723:53
	at Generator.next (<anonymous>)
	at c:\Users\user\AppData\Local\Programs\Microsoft VS Code\resources\app\node_modules\@vscode\proxy-agent\out\index.js:35:71
	at new Promise (<anonymous>)
	at __awaiter (c:\Users\user\AppData\Local\Programs\Microsoft VS Code\resources\app\node_modules\@vscode\proxy-agent\out\index.js:31:12)
	at c:\Users\user\AppData\Local\Programs\Microsoft VS Code\resources\app\node_modules\@vscode\proxy-agent\out\index.js:722:43
	at c:\Users\user\AppData\Local\Programs\Microsoft VS Code\resources\app\node_modules\@vscode\proxy-agent\out\index.js:724:16
	at Generator.next (<anonymous>)
	at c:\Users\user\AppData\Local\Programs\Microsoft VS Code\resources\app\node_modules\@vscode\proxy-agent\out\index.js:35:71
	at new Promise (<anonymous>)
	at __awaiter (c:\Users\user\AppData\Local\Programs\Microsoft VS Code\resources\app\node_modules\@vscode\proxy-agent\out\index.js:31:12)
	at getOrLoadAdditionalCertificates (c:\Users\user\AppData\Local\Programs\Microsoft VS Code\resources\app\node_modules\@vscode\proxy-agent\out\index.js:720:12)
	at addCertificatesToOptionsV1 (c:\Users\user\AppData\Local\Programs\Microsoft VS Code\resources\app\node_modules\@vscode\proxy-agent\out\index.js:699:9)
	at resolveProxyWithRequest (c:\Users\user\AppData\Local\Programs\Microsoft VS Code\resources\app\node_modules\@vscode\proxy-agent\out\index.js:114:9)
	at c:\Users\user\AppData\Local\Programs\Microsoft VS Code\resources\app\node_modules\@vscode\proxy-agent\out\index.js:346:77
	at new Promise (<anonymous>)
	at PacProxyAgent.resolveP [as resolver] (c:\Users\user\AppData\Local\Programs\Microsoft VS Code\resources\app\node_modules\@vscode\proxy-agent\out\index.js:346:54)
	at PacProxyAgent.<anonymous> (c:\Users\user\AppData\Local\Programs\Microsoft VS Code\resources\app\node_modules\@vscode\proxy-agent\out\agent.js:74:37)
	at Generator.next (<anonymous>)
	at c:\Users\user\AppData\Local\Programs\Microsoft VS Code\resources\app\node_modules\@vscode\proxy-agent\out\agent.js:8:71
	at new Promise (<anonymous>)
	at __awaiter (c:\Users\user\AppData\Local\Programs\Microsoft VS Code\resources\app\node_modules\@vscode\proxy-agent\out\agent.js:4:12)
	at PacProxyAgent.connect (c:\Users\user\AppData\Local\Programs\Microsoft VS Code\resources\app\node_modules\@vscode\proxy-agent\out\agent.js:56:16)
	at c:\Users\user\AppData\Local\Programs\Microsoft VS Code\resources\app\node_modules\agent-base\dist\index.js:132:30
2025-04-03 14:04:09.228 [info] Extension host with pid 22392 exiting with code 0
